<?xml version="1.0" encoding="UTF-8"?>
<testsuite name="com.example.talktoai.chat.SseParserTest" tests="2" skipped="0" failures="0" errors="0" timestamp="2026-09-07T14:10:43" hostname="JerrydeMac-mini.local" time="0.001">
  <properties/>
  <testcase name="ignores comments and flushes trailing event" classname="com.example.talktoai.chat.SseParserTest" time="0.0"/>
  <testcase name="parses named event with multiple data lines" classname="com.example.talktoai.chat.SseParserTest" time="0.0"/>
  <system-out><![CDATA[]]></system-out>
  <system-err><![CDATA[]]></system-err>
</testsuite>
