<?xml version="1.0" encoding="UTF-8"?>
<testsuite name="com.example.talktoai.market.MarketCachePolicyTest" tests="4" skipped="0" failures="0" errors="0" timestamp="2026-09-07T14:10:43" hostname="JerrydeMac-mini.local" time="0.004">
  <properties/>
  <testcase name="onlyCompletedHistoricalRangeUsesLongCacheLifetime" classname="com.example.talktoai.market.MarketCachePolicyTest" time="0.004"/>
  <testcase name="intradayCacheExpiresAfterOneMinute" classname="com.example.talktoai.market.MarketCachePolicyTest" time="0.0"/>
  <testcase name="historicalExactRangeIsReusableForSevenDays" classname="com.example.talktoai.market.MarketCachePolicyTest" time="0.0"/>
  <testcase name="futureAndMissingTimestampsAreRejected" classname="com.example.talktoai.market.MarketCachePolicyTest" time="0.0"/>
  <system-out><![CDATA[]]></system-out>
  <system-err><![CDATA[]]></system-err>
</testsuite>
